<?xml version="1.0" encoding="UTF-8"?>
<!-- Generated by org.testng.reporters.JUnitXMLReporter -->
<testsuite hostname="LT022" ignored="0" name="A8P8 Open Unfiltered" tests="1" failures="1" timestamp="10 Feb 2017 14:59:12 GMT" time="34.104" errors="0">
  <testcase name="checkReportTables" time="24.147" classname="reports.FigureChecking">
    <failure type="java.lang.AssertionError" message="Rows with differences
Expected: is &amp;lt;0&amp;gt;
     but: was &amp;lt;11&amp;gt;">
      <![CDATA[java.lang.AssertionError: Rows with differences
Expected: is <0>
     but: was <11>
	at org.hamcrest.MatcherAssert.assertThat(MatcherAssert.java:20)
	at reports.FigureChecking.checkNamedTableFigures(FigureChecking.java:303)
	at reports.FigureChecking.checkReportTables(FigureChecking.java:46)
	at java.util.concurrent.FutureTask.run(FutureTask.java:266)
	at java.util.concurrent.ThreadPoolExecutor.runWorker(ThreadPoolExecutor.java:1142)
	at java.util.concurrent.ThreadPoolExecutor$Worker.run(ThreadPoolExecutor.java:617)
	at java.lang.Thread.run(Thread.java:745)
... Removed 16 stack frames]]>
    </failure>
  </testcase> <!-- checkReportTables -->
</testsuite> <!-- A8P8 Open Unfiltered -->
